2018-09-19 17:39:26.371  INFO 7632 --- [main] wy.rest.FxbRestApplication               : Starting FxbRestApplication on DESKTOP-8OACCP5 with PID 7632 (E:\fxb_rest\trunk\target\classes started by z7848 in E:\fxb_rest)
2018-09-19 17:39:26.439  INFO 7632 --- [main] wy.rest.FxbRestApplication               : No active profile set, falling back to default profiles: default
2018-09-19 17:39:26.972  INFO 7632 --- [main] ationConfigEmbeddedWebApplicationContext : Refreshing org.springframework.boot.context.embedded.AnnotationConfigEmbeddedWebApplicationContext@56620197: startup date [Wed Sep 19 17:39:26 CST 2018]; root of context hierarchy
2018-09-19 17:39:30.834  INFO 7632 --- [main] s.b.c.e.t.TomcatEmbeddedServletContainer : Tomcat initialized with port(s): 9090 (http)
2018-09-19 17:39:30.906  INFO 7632 --- [main] o.apache.catalina.core.StandardService   : Starting service Tomcat
2018-09-19 17:39:30.907  INFO 7632 --- [main] org.apache.catalina.core.StandardEngine  : Starting Servlet Engine: Apache Tomcat/8.5.14
2018-09-19 17:39:31.175  INFO 7632 --- [localhost-startStop-1] o.a.c.c.C.[Tomcat].[localhost].[/]       : Initializing Spring embedded WebApplicationContext
2018-09-19 17:39:31.175  INFO 7632 --- [localhost-startStop-1] o.s.web.context.ContextLoader            : Root WebApplicationContext: initialization completed in 4233 ms
2018-09-19 17:39:31.753  INFO 7632 --- [localhost-startStop-1] o.s.b.w.servlet.ServletRegistrationBean  : Mapping servlet: 'dispatcherServlet' to [/]
2018-09-19 17:39:31.762  INFO 7632 --- [localhost-startStop-1] o.s.b.w.servlet.FilterRegistrationBean   : Mapping filter: 'characterEncodingFilter' to: [/*]
2018-09-19 17:39:31.763  INFO 7632 --- [localhost-startStop-1] o.s.b.w.servlet.FilterRegistrationBean   : Mapping filter: 'hiddenHttpMethodFilter' to: [/*]
2018-09-19 17:39:31.763  INFO 7632 --- [localhost-startStop-1] o.s.b.w.servlet.FilterRegistrationBean   : Mapping filter: 'httpPutFormContentFilter' to: [/*]
2018-09-19 17:39:31.763  INFO 7632 --- [localhost-startStop-1] o.s.b.w.servlet.FilterRegistrationBean   : Mapping filter: 'requestContextFilter' to: [/*]
2018-09-19 17:39:31.764  INFO 7632 --- [localhost-startStop-1] o.s.b.w.servlet.FilterRegistrationBean   : Mapping filter: 'jwtAuthenticationTokenFilter' to: [/*]
2018-09-19 17:39:36.958  INFO 7632 --- [main] s.w.s.m.m.a.RequestMappingHandlerAdapter : Looking for @ControllerAdvice: org.springframework.boot.context.embedded.AnnotationConfigEmbeddedWebApplicationContext@56620197: startup date [Wed Sep 19 17:39:26 CST 2018]; root of context hierarchy
2018-09-19 17:39:37.063  INFO 7632 --- [main] s.w.s.m.m.a.RequestMappingHandlerMapping : Mapped "{[/xgt_sub_exam/list]}" onto public java.lang.Object wy.rest.addons.fxb.xgt_sub_exam.controller.Xgt_sub_examController.list()
2018-09-19 17:39:37.067  INFO 7632 --- [main] s.w.s.m.m.a.RequestMappingHandlerMapping : Mapped "{[/xgt_sub_exam/examlist]}" onto public java.lang.Object wy.rest.addons.fxb.xgt_sub_exam.controller.Xgt_sub_examController.examlist(java.lang.Integer)
2018-09-19 17:39:37.071  INFO 7632 --- [main] s.w.s.m.m.a.RequestMappingHandlerMapping : Mapped "{[/xgt_sub_qp]}" onto public java.lang.String wy.rest.addons.fxb.xgt_sub_qp.controller.Xgt_sub_qpController.index(org.springframework.ui.Model)
2018-09-19 17:39:37.072  INFO 7632 --- [main] s.w.s.m.m.a.RequestMappingHandlerMapping : Mapped "{[/xgt_sub_qp/delete]}" onto public java.lang.Object wy.rest.addons.fxb.xgt_sub_qp.controller.Xgt_sub_qpController.delete(java.lang.String)
2018-09-19 17:39:37.072  INFO 7632 --- [main] s.w.s.m.m.a.RequestMappingHandlerMapping : Mapped "{[/xgt_sub_qp/bulidJson]}" onto public net.sf.json.JSONObject wy.rest.addons.fxb.xgt_sub_qp.controller.Xgt_sub_qpController.buildJson(javax.servlet.http.HttpServletResponse,java.lang.String,java.lang.Integer)
2018-09-19 17:39:37.073  INFO 7632 --- [main] s.w.s.m.m.a.RequestMappingHandlerMapping : Mapped "{[/xgt_sub_qp/getDanxuan]}" onto public java.lang.Object wy.rest.addons.fxb.xgt_sub_qp.controller.Xgt_sub_qpController.getDanxuan(java.lang.Integer)
2018-09-19 17:39:37.073  INFO 7632 --- [main] s.w.s.m.m.a.RequestMappingHandlerMapping : Mapped "{[/xgt_sub_qp/getYuedu]}" onto public java.lang.Object wy.rest.addons.fxb.xgt_sub_qp.controller.Xgt_sub_qpController.getYuedu(java.lang.Integer)
2018-09-19 17:39:37.074  INFO 7632 --- [main] s.w.s.m.m.a.RequestMappingHandlerMapping : Mapped "{[/xgt_sub_qp/getWanxing]}" onto public java.lang.Object wy.rest.addons.fxb.xgt_sub_qp.controller.Xgt_sub_qpController.getWanxing(java.lang.Integer)
2018-09-19 17:39:37.075  INFO 7632 --- [main] s.w.s.m.m.a.RequestMappingHandlerMapping : Mapped "{[/xgt_sub_qp/shangji]}" onto public net.sf.json.JSONObject wy.rest.addons.fxb.xgt_sub_qp.controller.Xgt_sub_qpController.shangji()
2018-09-19 17:39:37.078  INFO 7632 --- [main] s.w.s.m.m.a.RequestMappingHandlerMapping : Mapped "{[/xgt_sub_task/FindClass]}" onto public java.lang.Object wy.rest.addons.fxb.xgt_sub_task.controller.Xgt_sub_taskController.FindClass()
2018-09-19 17:39:37.079  INFO 7632 --- [main] s.w.s.m.m.a.RequestMappingHandlerMapping : Mapped "{[/xgt_sub_task/getId]}" onto public java.lang.Object wy.rest.addons.fxb.xgt_sub_task.controller.Xgt_sub_taskController.getTask(javax.servlet.http.HttpServletRequest)
2018-09-19 17:39:37.080  INFO 7632 --- [main] s.w.s.m.m.a.RequestMappingHandlerMapping : Mapped "{[/xgt_sub_task/CompleteMission]}" onto public java.lang.Object wy.rest.addons.fxb.xgt_sub_task.controller.Xgt_sub_taskController.CompleteMission(java.lang.Integer)
2018-09-19 17:39:37.082  INFO 7632 --- [main] s.w.s.m.m.a.RequestMappingHandlerMapping : Mapped "{[/xgt_sub_task/getIds]}" onto public java.lang.Object wy.rest.addons.fxb.xgt_sub_task.controller.Xgt_sub_taskController.getTaskName(java.lang.Integer)
2018-09-19 17:39:37.091  INFO 7632 --- [main] s.w.s.m.m.a.RequestMappingHandlerMapping : Mapped "{[/xgt_sub_task_dtl/add]}" onto public java.lang.Object wy.rest.addons.fxb.xgt_sub_task_dtl.controller.Xgt_sub_task_dtlController.add(javax.servlet.http.HttpServletRequest,javax.servlet.http.HttpServletResponse,com.alibaba.fastjson.JSONObject)
2018-09-19 17:39:37.091  INFO 7632 --- [main] s.w.s.m.m.a.RequestMappingHandlerMapping : Mapped "{[/xgt_sub_task_dtl/selectZuotiList]}" onto public java.lang.Object wy.rest.addons.fxb.xgt_sub_task_dtl.controller.Xgt_sub_task_dtlController.selectZuotiList(java.lang.Integer,java.lang.Integer)
2018-09-19 17:39:37.092  INFO 7632 --- [main] s.w.s.m.m.a.RequestMappingHandlerMapping : Mapped "{[/xgt_sub_task_dtl/Danxuanlist]}" onto public java.lang.Object wy.rest.addons.fxb.xgt_sub_task_dtl.controller.Xgt_sub_task_dtlController.XuanZelist(java.lang.Integer,java.lang.String)
2018-09-19 17:39:37.092  INFO 7632 --- [main] s.w.s.m.m.a.RequestMappingHandlerMapping : Mapped "{[/xgt_sub_task_dtl/PanDuanError]}" onto public java.lang.Object wy.rest.addons.fxb.xgt_sub_task_dtl.controller.Xgt_sub_task_dtlController.PanDuanError(java.lang.Integer)
2018-09-19 17:39:37.093  INFO 7632 --- [main] s.w.s.m.m.a.RequestMappingHandlerMapping : Mapped "{[/xgt_sub_task_dtl/XuanZeError]}" onto public java.lang.Object wy.rest.addons.fxb.xgt_sub_task_dtl.controller.Xgt_sub_task_dtlController.XuanZeError(java.lang.Integer)
2018-09-19 17:39:37.093  INFO 7632 --- [main] s.w.s.m.m.a.RequestMappingHandlerMapping : Mapped "{[/xgt_sub_task_dtl/Yuedulist]}" onto public java.lang.Object wy.rest.addons.fxb.xgt_sub_task_dtl.controller.Xgt_sub_task_dtlController.Yuedulist(java.lang.Integer,java.lang.String)
2018-09-19 17:39:37.094  INFO 7632 --- [main] s.w.s.m.m.a.RequestMappingHandlerMapping : Mapped "{[/xgt_sub_task_dtl/Wanxinglist]}" onto public java.lang.Object wy.rest.addons.fxb.xgt_sub_task_dtl.controller.Xgt_sub_task_dtlController.Wanxinglist(java.lang.Integer,java.lang.String)
2018-09-19 17:39:37.096  INFO 7632 --- [main] s.w.s.m.m.a.RequestMappingHandlerMapping : Mapped "{[/xgt_sub_task_obj/nowTasktList]}" onto public java.lang.Object wy.rest.addons.fxb.xgt_sub_task_obj.controller.Xgt_sub_task_objController.nowTasktList(java.lang.Integer)
2018-09-19 17:39:37.098  INFO 7632 --- [main] s.w.s.m.m.a.RequestMappingHandlerMapping : Mapped "{[/xgt_sub_task_obj/IfWancheng]}" onto public java.lang.Integer wy.rest.addons.fxb.xgt_sub_task_obj.controller.Xgt_sub_task_objController.IfWancheng(java.lang.Integer,java.lang.Integer)
2018-09-19 17:39:37.100  INFO 7632 --- [main] s.w.s.m.m.a.RequestMappingHandlerMapping : Mapped "{[/auth]}" onto public org.springframework.http.ResponseEntity<?> wy.rest.modular.auth.controller.AuthController.createAuthenticationToken(wy.rest.modular.auth.controller.dto.AuthRequest)
2018-09-19 17:39:37.103  INFO 7632 --- [main] s.w.s.m.m.a.RequestMappingHandlerMapping : Mapped "{[/mgr/getId]}" onto public java.lang.Integer wy.rest.modular.auth.controller.UserMgrController.getId(java.lang.String)
2018-09-19 17:39:37.104  INFO 7632 --- [main] s.w.s.m.m.a.RequestMappingHandlerMapping : Mapped "{[/mgr/upload],methods=[POST]}" onto public java.lang.String wy.rest.modular.auth.controller.UserMgrController.upload(org.springframework.web.multipart.MultipartFile)
2018-09-19 17:39:37.105  INFO 7632 --- [main] s.w.s.m.m.a.RequestMappingHandlerMapping : Mapped "{[/mgr/getIdentity]}" onto public java.lang.Integer wy.rest.modular.auth.controller.UserMgrController.getIdentity(java.lang.String)
2018-09-19 17:39:37.107  INFO 7632 --- [main] s.w.s.m.m.a.RequestMappingHandlerMapping : Mapped "{[/hello]}" onto public org.springframework.http.ResponseEntity wy.rest.modular.example.ExampleController.hello(wy.rest.common.persistence.SimpleObject)
2018-09-19 17:39:37.111  INFO 7632 --- [main] s.w.s.m.m.a.RequestMappingHandlerMapping : Mapped "{[/error]}" onto public org.springframework.http.ResponseEntity<java.util.Map<java.lang.String, java.lang.Object>> org.springframework.boot.autoconfigure.web.BasicErrorController.error(javax.servlet.http.HttpServletRequest)
2018-09-19 17:39:37.112  INFO 7632 --- [main] s.w.s.m.m.a.RequestMappingHandlerMapping : Mapped "{[/error],produces=[text/html]}" onto public org.springframework.web.servlet.ModelAndView org.springframework.boot.autoconfigure.web.BasicErrorController.errorHtml(javax.servlet.http.HttpServletRequest,javax.servlet.http.HttpServletResponse)
2018-09-19 17:39:37.155  INFO 7632 --- [main] o.s.w.s.handler.SimpleUrlHandlerMapping  : Mapped URL path [/webjars/**] onto handler of type [class org.springframework.web.servlet.resource.ResourceHttpRequestHandler]
2018-09-19 17:39:37.155  INFO 7632 --- [main] o.s.w.s.handler.SimpleUrlHandlerMapping  : Mapped URL path [/**] onto handler of type [class org.springframework.web.servlet.resource.ResourceHttpRequestHandler]
2018-09-19 17:39:37.227  INFO 7632 --- [main] .m.m.a.ExceptionHandlerExceptionResolver : Detected @ExceptionHandler methods in globalExceptionHandler
2018-09-19 17:39:37.286  INFO 7632 --- [main] o.s.w.s.handler.SimpleUrlHandlerMapping  : Mapped URL path [/**/favicon.ico] onto handler of type [class org.springframework.web.servlet.resource.ResourceHttpRequestHandler]
2018-09-19 17:39:37.847  INFO 7632 --- [main] o.s.j.e.a.AnnotationMBeanExporter        : Registering beans for JMX exposure on startup
2018-09-19 17:39:37.950  INFO 7632 --- [main] s.b.c.e.t.TomcatEmbeddedServletContainer : Tomcat started on port(s): 9090 (http)
2018-09-19 17:39:37.957  INFO 7632 --- [main] wy.rest.FxbRestApplication               : Started FxbRestApplication in 13.625 seconds (JVM running for 15.745)
2018-09-19 17:42:02.660  INFO 7632 --- [http-nio-9090-exec-1] o.a.c.c.C.[Tomcat].[localhost].[/]       : Initializing Spring FrameworkServlet 'dispatcherServlet'
2018-09-19 17:42:02.660  INFO 7632 --- [http-nio-9090-exec-1] o.s.web.servlet.DispatcherServlet        : FrameworkServlet 'dispatcherServlet': initialization started
2018-09-19 17:42:02.684  INFO 7632 --- [http-nio-9090-exec-1] o.s.web.servlet.DispatcherServlet        : FrameworkServlet 'dispatcherServlet': initialization completed in 23 ms
2018-09-21 15:03:16.186  INFO 12824 --- [main] wy.rest.FxbRestApplication               : Starting FxbRestApplication on DESKTOP-8OACCP5 with PID 12824 (E:\fxb_rest\trunk\target\classes started by z7848 in E:\fxb_rest)
2018-09-21 15:03:16.242  INFO 12824 --- [main] wy.rest.FxbRestApplication               : No active profile set, falling back to default profiles: default
2018-09-21 15:03:16.711  INFO 12824 --- [main] ationConfigEmbeddedWebApplicationContext : Refreshing org.springframework.boot.context.embedded.AnnotationConfigEmbeddedWebApplicationContext@10e41621: startup date [Fri Sep 21 15:03:16 CST 2018]; root of context hierarchy
2018-09-21 15:03:25.440  INFO 12824 --- [main] s.b.c.e.t.TomcatEmbeddedServletContainer : Tomcat initialized with port(s): 9090 (http)
2018-09-21 15:03:25.496  INFO 12824 --- [main] o.apache.catalina.core.StandardService   : Starting service Tomcat
2018-09-21 15:03:25.496  INFO 12824 --- [main] org.apache.catalina.core.StandardEngine  : Starting Servlet Engine: Apache Tomcat/8.5.14
2018-09-21 15:03:25.729  INFO 12824 --- [localhost-startStop-1] o.a.c.c.C.[Tomcat].[localhost].[/]       : Initializing Spring embedded WebApplicationContext
2018-09-21 15:03:25.730  INFO 12824 --- [localhost-startStop-1] o.s.web.context.ContextLoader            : Root WebApplicationContext: initialization completed in 9067 ms
2018-09-21 15:03:26.208  INFO 12824 --- [localhost-startStop-1] o.s.b.w.servlet.ServletRegistrationBean  : Mapping servlet: 'dispatcherServlet' to [/]
2018-09-21 15:03:26.215  INFO 12824 --- [localhost-startStop-1] o.s.b.w.servlet.FilterRegistrationBean   : Mapping filter: 'characterEncodingFilter' to: [/*]
2018-09-21 15:03:26.216  INFO 12824 --- [localhost-startStop-1] o.s.b.w.servlet.FilterRegistrationBean   : Mapping filter: 'hiddenHttpMethodFilter' to: [/*]
2018-09-21 15:03:26.216  INFO 12824 --- [localhost-startStop-1] o.s.b.w.servlet.FilterRegistrationBean   : Mapping filter: 'httpPutFormContentFilter' to: [/*]
2018-09-21 15:03:26.216  INFO 12824 --- [localhost-startStop-1] o.s.b.w.servlet.FilterRegistrationBean   : Mapping filter: 'requestContextFilter' to: [/*]
2018-09-21 15:03:26.216  INFO 12824 --- [localhost-startStop-1] o.s.b.w.servlet.FilterRegistrationBean   : Mapping filter: 'jwtAuthenticationTokenFilter' to: [/*]
2018-09-21 15:03:31.153  INFO 12824 --- [main] s.w.s.m.m.a.RequestMappingHandlerAdapter : Looking for @ControllerAdvice: org.springframework.boot.context.embedded.AnnotationConfigEmbeddedWebApplicationContext@10e41621: startup date [Fri Sep 21 15:03:16 CST 2018]; root of context hierarchy
2018-09-21 15:03:31.266  INFO 12824 --- [main] s.w.s.m.m.a.RequestMappingHandlerMapping : Mapped "{[/xgt_sub_exam/list]}" onto public java.lang.Object wy.rest.addons.fxb.xgt_sub_exam.controller.Xgt_sub_examController.list()
2018-09-21 15:03:31.269  INFO 12824 --- [main] s.w.s.m.m.a.RequestMappingHandlerMapping : Mapped "{[/xgt_sub_exam/findName]}" onto public java.lang.String wy.rest.addons.fxb.xgt_sub_exam.controller.Xgt_sub_examController.findName(java.lang.Integer)
2018-09-21 15:03:31.270  INFO 12824 --- [main] s.w.s.m.m.a.RequestMappingHandlerMapping : Mapped "{[/xgt_sub_exam/examlist]}" onto public java.lang.Object wy.rest.addons.fxb.xgt_sub_exam.controller.Xgt_sub_examController.examlist(java.lang.Integer)
2018-09-21 15:03:31.278  INFO 12824 --- [main] s.w.s.m.m.a.RequestMappingHandlerMapping : Mapped "{[/xgt_sub_qp]}" onto public java.lang.String wy.rest.addons.fxb.xgt_sub_qp.controller.Xgt_sub_qpController.index(org.springframework.ui.Model)
2018-09-21 15:03:31.279  INFO 12824 --- [main] s.w.s.m.m.a.RequestMappingHandlerMapping : Mapped "{[/xgt_sub_qp/delete]}" onto public java.lang.Object wy.rest.addons.fxb.xgt_sub_qp.controller.Xgt_sub_qpController.delete(java.lang.String)
2018-09-21 15:03:31.280  INFO 12824 --- [main] s.w.s.m.m.a.RequestMappingHandlerMapping : Mapped "{[/xgt_sub_qp/shangji]}" onto public net.sf.json.JSONObject wy.rest.addons.fxb.xgt_sub_qp.controller.Xgt_sub_qpController.shangji()
2018-09-21 15:03:31.281  INFO 12824 --- [main] s.w.s.m.m.a.RequestMappingHandlerMapping : Mapped "{[/xgt_sub_qp/getDanxuan]}" onto public java.lang.Object wy.rest.addons.fxb.xgt_sub_qp.controller.Xgt_sub_qpController.getDanxuan(java.lang.Integer)
2018-09-21 15:03:31.282  INFO 12824 --- [main] s.w.s.m.m.a.RequestMappingHandlerMapping : Mapped "{[/xgt_sub_qp/getYuedu]}" onto public java.lang.Object wy.rest.addons.fxb.xgt_sub_qp.controller.Xgt_sub_qpController.getYuedu(java.lang.Integer)
2018-09-21 15:03:31.283  INFO 12824 --- [main] s.w.s.m.m.a.RequestMappingHandlerMapping : Mapped "{[/xgt_sub_qp/bulidJson]}" onto public net.sf.json.JSONObject wy.rest.addons.fxb.xgt_sub_qp.controller.Xgt_sub_qpController.buildJson(javax.servlet.http.HttpServletResponse,java.lang.String,java.lang.Integer)
2018-09-21 15:03:31.284  INFO 12824 --- [main] s.w.s.m.m.a.RequestMappingHandlerMapping : Mapped "{[/xgt_sub_qp/getRenwu]}" onto public java.lang.Object wy.rest.addons.fxb.xgt_sub_qp.controller.Xgt_sub_qpController.getRenwu(java.lang.Integer)
2018-09-21 15:03:31.285  INFO 12824 --- [main] s.w.s.m.m.a.RequestMappingHandlerMapping : Mapped "{[/xgt_sub_qp/getWanxing]}" onto public java.lang.Object wy.rest.addons.fxb.xgt_sub_qp.controller.Xgt_sub_qpController.getWanxing(java.lang.Integer)
2018-09-21 15:03:31.296  INFO 12824 --- [main] s.w.s.m.m.a.RequestMappingHandlerMapping : Mapped "{[/xgt_sub_task/getIds]}" onto public java.lang.Object wy.rest.addons.fxb.xgt_sub_task.controller.Xgt_sub_taskController.getTaskName(java.lang.Integer)
2018-09-21 15:03:31.296  INFO 12824 --- [main] s.w.s.m.m.a.RequestMappingHandlerMapping : Mapped "{[/xgt_sub_task/FindClass]}" onto public java.lang.Object wy.rest.addons.fxb.xgt_sub_task.controller.Xgt_sub_taskController.FindClass()
2018-09-21 15:03:31.297  INFO 12824 --- [main] s.w.s.m.m.a.RequestMappingHandlerMapping : Mapped "{[/xgt_sub_task/getId]}" onto public java.lang.Object wy.rest.addons.fxb.xgt_sub_task.controller.Xgt_sub_taskController.getTask(javax.servlet.http.HttpServletRequest)
2018-09-21 15:03:31.297  INFO 12824 --- [main] s.w.s.m.m.a.RequestMappingHandlerMapping : Mapped "{[/xgt_sub_task/CompleteMission]}" onto public java.lang.Object wy.rest.addons.fxb.xgt_sub_task.controller.Xgt_sub_taskController.CompleteMission(java.lang.Integer)
2018-09-21 15:03:31.298  INFO 12824 --- [main] s.w.s.m.m.a.RequestMappingHandlerMapping : Mapped "{[/xgt_sub_task/HistoryWork]}" onto public java.lang.Object wy.rest.addons.fxb.xgt_sub_task.controller.Xgt_sub_taskController.HistoryWork(java.lang.Integer)
2018-09-21 15:03:31.303  INFO 12824 --- [main] s.w.s.m.m.a.RequestMappingHandlerMapping : Mapped "{[/xgt_sub_task_dtl/add]}" onto public java.lang.Object wy.rest.addons.fxb.xgt_sub_task_dtl.controller.Xgt_sub_task_dtlController.add(javax.servlet.http.HttpServletRequest,javax.servlet.http.HttpServletResponse,com.alibaba.fastjson.JSONObject)
2018-09-21 15:03:31.304  INFO 12824 --- [main] s.w.s.m.m.a.RequestMappingHandlerMapping : Mapped "{[/xgt_sub_task_dtl/historyDanxuan]}" onto public java.lang.Object wy.rest.addons.fxb.xgt_sub_task_dtl.controller.Xgt_sub_task_dtlController.XuanZelist(java.lang.Integer,java.lang.Integer)
2018-09-21 15:03:31.305  INFO 12824 --- [main] s.w.s.m.m.a.RequestMappingHandlerMapping : Mapped "{[/xgt_sub_task_dtl/Danxuanlist]}" onto public java.lang.Object wy.rest.addons.fxb.xgt_sub_task_dtl.controller.Xgt_sub_task_dtlController.XuanZelist(java.lang.Integer,java.lang.String)
2018-09-21 15:03:31.306  INFO 12824 --- [main] s.w.s.m.m.a.RequestMappingHandlerMapping : Mapped "{[/xgt_sub_task_dtl/selectZuotiList]}" onto public java.lang.Object wy.rest.addons.fxb.xgt_sub_task_dtl.controller.Xgt_sub_task_dtlController.selectZuotiList(java.lang.Integer,java.lang.Integer)
2018-09-21 15:03:31.307  INFO 12824 --- [main] s.w.s.m.m.a.RequestMappingHandlerMapping : Mapped "{[/xgt_sub_task_dtl/PanDuanError]}" onto public java.lang.Object wy.rest.addons.fxb.xgt_sub_task_dtl.controller.Xgt_sub_task_dtlController.PanDuanError(java.lang.Integer)
2018-09-21 15:03:31.308  INFO 12824 --- [main] s.w.s.m.m.a.RequestMappingHandlerMapping : Mapped "{[/xgt_sub_task_dtl/Yuedulist]}" onto public java.lang.Object wy.rest.addons.fxb.xgt_sub_task_dtl.controller.Xgt_sub_task_dtlController.Yuedulist(java.lang.Integer,java.lang.String)
2018-09-21 15:03:31.309  INFO 12824 --- [main] s.w.s.m.m.a.RequestMappingHandlerMapping : Mapped "{[/xgt_sub_task_dtl/Wanxinglist]}" onto public java.lang.Object wy.rest.addons.fxb.xgt_sub_task_dtl.controller.Xgt_sub_task_dtlController.Wanxinglist(java.lang.Integer,java.lang.String)
2018-09-21 15:03:31.310  INFO 12824 --- [main] s.w.s.m.m.a.RequestMappingHandlerMapping : Mapped "{[/xgt_sub_task_dtl/XuanZeError]}" onto public java.lang.Object wy.rest.addons.fxb.xgt_sub_task_dtl.controller.Xgt_sub_task_dtlController.XuanZeError(java.lang.Integer)
2018-09-21 15:03:31.312  INFO 12824 --- [main] s.w.s.m.m.a.RequestMappingHandlerMapping : Mapped "{[/xgt_sub_task_obj/nowTasktList]}" onto public java.lang.Object wy.rest.addons.fxb.xgt_sub_task_obj.controller.Xgt_sub_task_objController.nowTasktList(java.lang.Integer)
2018-09-21 15:03:31.313  INFO 12824 --- [main] s.w.s.m.m.a.RequestMappingHandlerMapping : Mapped "{[/xgt_sub_task_obj/IfWancheng]}" onto public java.lang.Integer wy.rest.addons.fxb.xgt_sub_task_obj.controller.Xgt_sub_task_objController.IfWancheng(java.lang.Integer,java.lang.Integer)
2018-09-21 15:03:31.314  INFO 12824 --- [main] s.w.s.m.m.a.RequestMappingHandlerMapping : Mapped "{[/auth]}" onto public org.springframework.http.ResponseEntity<?> wy.rest.modular.auth.controller.AuthController.createAuthenticationToken(wy.rest.modular.auth.controller.dto.AuthRequest)
2018-09-21 15:03:31.317  INFO 12824 --- [main] s.w.s.m.m.a.RequestMappingHandlerMapping : Mapped "{[/mgr/getId]}" onto public java.lang.Integer wy.rest.modular.auth.controller.UserMgrController.getId(java.lang.String)
2018-09-21 15:03:31.318  INFO 12824 --- [main] s.w.s.m.m.a.RequestMappingHandlerMapping : Mapped "{[/mgr/upload],methods=[POST]}" onto public java.lang.String wy.rest.modular.auth.controller.UserMgrController.upload(org.springframework.web.multipart.MultipartFile)
2018-09-21 15:03:31.319  INFO 12824 --- [main] s.w.s.m.m.a.RequestMappingHandlerMapping : Mapped "{[/mgr/getIdentity]}" onto public java.lang.Integer wy.rest.modular.auth.controller.UserMgrController.getIdentity(java.lang.String)
2018-09-21 15:03:31.320  INFO 12824 --- [main] s.w.s.m.m.a.RequestMappingHandlerMapping : Mapped "{[/hello]}" onto public org.springframework.http.ResponseEntity wy.rest.modular.example.ExampleController.hello(wy.rest.common.persistence.SimpleObject)
2018-09-21 15:03:31.325  INFO 12824 --- [main] s.w.s.m.m.a.RequestMappingHandlerMapping : Mapped "{[/error]}" onto public org.springframework.http.ResponseEntity<java.util.Map<java.lang.String, java.lang.Object>> org.springframework.boot.autoconfigure.web.BasicErrorController.error(javax.servlet.http.HttpServletRequest)
2018-09-21 15:03:31.327  INFO 12824 --- [main] s.w.s.m.m.a.RequestMappingHandlerMapping : Mapped "{[/error],produces=[text/html]}" onto public org.springframework.web.servlet.ModelAndView org.springframework.boot.autoconfigure.web.BasicErrorController.errorHtml(javax.servlet.http.HttpServletRequest,javax.servlet.http.HttpServletResponse)
2018-09-21 15:03:31.453  INFO 12824 --- [main] o.s.w.s.handler.SimpleUrlHandlerMapping  : Mapped URL path [/webjars/**] onto handler of type [class org.springframework.web.servlet.resource.ResourceHttpRequestHandler]
2018-09-21 15:03:31.454  INFO 12824 --- [main] o.s.w.s.handler.SimpleUrlHandlerMapping  : Mapped URL path [/**] onto handler of type [class org.springframework.web.servlet.resource.ResourceHttpRequestHandler]
2018-09-21 15:03:31.511  INFO 12824 --- [main] .m.m.a.ExceptionHandlerExceptionResolver : Detected @ExceptionHandler methods in globalExceptionHandler
2018-09-21 15:03:31.553  INFO 12824 --- [main] o.s.w.s.handler.SimpleUrlHandlerMapping  : Mapped URL path [/**/favicon.ico] onto handler of type [class org.springframework.web.servlet.resource.ResourceHttpRequestHandler]
2018-09-21 15:03:32.396  INFO 12824 --- [main] o.s.j.e.a.AnnotationMBeanExporter        : Registering beans for JMX exposure on startup
2018-09-21 15:03:32.480  INFO 12824 --- [main] s.b.c.e.t.TomcatEmbeddedServletContainer : Tomcat started on port(s): 9090 (http)
2018-09-21 15:03:32.489  INFO 12824 --- [main] wy.rest.FxbRestApplication               : Started FxbRestApplication in 18.662 seconds (JVM running for 21.243)
2018-09-21 15:04:23.785  INFO 12824 --- [http-nio-9090-exec-1] o.a.c.c.C.[Tomcat].[localhost].[/]       : Initializing Spring FrameworkServlet 'dispatcherServlet'
2018-09-21 15:04:23.785  INFO 12824 --- [http-nio-9090-exec-1] o.s.web.servlet.DispatcherServlet        : FrameworkServlet 'dispatcherServlet': initialization started
2018-09-21 15:04:23.810  INFO 12824 --- [http-nio-9090-exec-1] o.s.web.servlet.DispatcherServlet        : FrameworkServlet 'dispatcherServlet': initialization completed in 25 ms
2018-09-21 15:04:23.999 ERROR 12824 --- [http-nio-9090-exec-1] w.r.common.aop.GlobalExceptionHandler    : 运行时异常:

java.lang.IndexOutOfBoundsException: Index: 0, Size: 0
	at java.util.ArrayList.rangeCheck(ArrayList.java:653) ~[na:1.8.0_131]
	at java.util.ArrayList.get(ArrayList.java:429) ~[na:1.8.0_131]
	at wy.rest.modular.auth.validator.impl.DbValidator.validatePassword(DbValidator.java:38) ~[classes/:na]
	at wy.rest.modular.auth.validator.impl.DbValidator.validate(DbValidator.java:30) ~[classes/:na]
	at wy.rest.modular.auth.controller.AuthController.createAuthenticationToken(AuthController.java:35) ~[classes/:na]
	at sun.reflect.NativeMethodAccessorImpl.invoke0(Native Method) ~[na:1.8.0_131]
	at sun.reflect.NativeMethodAccessorImpl.invoke(NativeMethodAccessorImpl.java:62) ~[na:1.8.0_131]
	at sun.reflect.DelegatingMethodAccessorImpl.invoke(DelegatingMethodAccessorImpl.java:43) ~[na:1.8.0_131]
	at java.lang.reflect.Method.invoke(Method.java:498) ~[na:1.8.0_131]
	at org.springframework.web.method.support.InvocableHandlerMethod.doInvoke(InvocableHandlerMethod.java:205) ~[spring-web-4.3.8.RELEASE.jar:4.3.8.RELEASE]
	at org.springframework.web.method.support.InvocableHandlerMethod.invokeForRequest(InvocableHandlerMethod.java:133) ~[spring-web-4.3.8.RELEASE.jar:4.3.8.RELEASE]
	at org.springframework.web.servlet.mvc.method.annotation.ServletInvocableHandlerMethod.invokeAndHandle(ServletInvocableHandlerMethod.java:97) ~[spring-webmvc-4.3.8.RELEASE.jar:4.3.8.RELEASE]
	at org.springframework.web.servlet.mvc.method.annotation.RequestMappingHandlerAdapter.invokeHandlerMethod(RequestMappingHandlerAdapter.java:827) ~[spring-webmvc-4.3.8.RELEASE.jar:4.3.8.RELEASE]
	at org.springframework.web.servlet.mvc.method.annotation.RequestMappingHandlerAdapter.handleInternal(RequestMappingHandlerAdapter.java:738) ~[spring-webmvc-4.3.8.RELEASE.jar:4.3.8.RELEASE]
	at org.springframework.web.servlet.mvc.method.AbstractHandlerMethodAdapter.handle(AbstractHandlerMethodAdapter.java:85) ~[spring-webmvc-4.3.8.RELEASE.jar:4.3.8.RELEASE]
	at org.springframework.web.servlet.DispatcherServlet.doDispatch(DispatcherServlet.java:963) ~[spring-webmvc-4.3.8.RELEASE.jar:4.3.8.RELEASE]
	at org.springframework.web.servlet.DispatcherServlet.doService(DispatcherServlet.java:897) ~[spring-webmvc-4.3.8.RELEASE.jar:4.3.8.RELEASE]
	at org.springframework.web.servlet.FrameworkServlet.processRequest(FrameworkServlet.java:970) [spring-webmvc-4.3.8.RELEASE.jar:4.3.8.RELEASE]
	at org.springframework.web.servlet.FrameworkServlet.doPost(FrameworkServlet.java:872) [spring-webmvc-4.3.8.RELEASE.jar:4.3.8.RELEASE]
	at javax.servlet.http.HttpServlet.service(HttpServlet.java:661) [tomcat-embed-core-8.5.14.jar:8.5.14]
	at org.springframework.web.servlet.FrameworkServlet.service(FrameworkServlet.java:846) [spring-webmvc-4.3.8.RELEASE.jar:4.3.8.RELEASE]
	at javax.servlet.http.HttpServlet.service(HttpServlet.java:742) [tomcat-embed-core-8.5.14.jar:8.5.14]
	at org.apache.catalina.core.ApplicationFilterChain.internalDoFilter(ApplicationFilterChain.java:231) [tomcat-embed-core-8.5.14.jar:8.5.14]
	at org.apache.catalina.core.ApplicationFilterChain.doFilter(ApplicationFilterChain.java:166) [tomcat-embed-core-8.5.14.jar:8.5.14]
	at org.apache.tomcat.websocket.server.WsFilter.doFilter(WsFilter.java:52) [tomcat-embed-websocket-8.5.14.jar:8.5.14]
	at org.apache.catalina.core.ApplicationFilterChain.internalDoFilter(ApplicationFilterChain.java:193) [tomcat-embed-core-8.5.14.jar:8.5.14]
	at org.apache.catalina.core.ApplicationFilterChain.doFilter(ApplicationFilterChain.java:166) [tomcat-embed-core-8.5.14.jar:8.5.14]
	at wy.rest.modular.auth.filter.AuthFilter.doFilterInternal(AuthFilter.java:39) [classes/:na]
	at org.springframework.web.filter.OncePerRequestFilter.doFilter(OncePerRequestFilter.java:107) [spring-web-4.3.8.RELEASE.jar:4.3.8.RELEASE]
	at org.apache.catalina.core.ApplicationFilterChain.internalDoFilter(ApplicationFilterChain.java:193) [tomcat-embed-core-8.5.14.jar:8.5.14]
	at org.apache.catalina.core.ApplicationFilterChain.doFilter(ApplicationFilterChain.java:166) [tomcat-embed-core-8.5.14.jar:8.5.14]
	at org.springframework.web.filter.RequestContextFilter.doFilterInternal(RequestContextFilter.java:99) [spring-web-4.3.8.RELEASE.jar:4.3.8.RELEASE]
	at org.springframework.web.filter.OncePerRequestFilter.doFilter(OncePerRequestFilter.java:107) [spring-web-4.3.8.RELEASE.jar:4.3.8.RELEASE]
	at org.apache.catalina.core.ApplicationFilterChain.internalDoFilter(ApplicationFilterChain.java:193) [tomcat-embed-core-8.5.14.jar:8.5.14]
	at org.apache.catalina.core.ApplicationFilterChain.doFilter(ApplicationFilterChain.java:166) [tomcat-embed-core-8.5.14.jar:8.5.14]
	at org.springframework.web.filter.HttpPutFormContentFilter.doFilterInternal(HttpPutFormContentFilter.java:105) [spring-web-4.3.8.RELEASE.jar:4.3.8.RELEASE]
	at org.springframework.web.filter.OncePerRequestFilter.doFilter(OncePerRequestFilter.java:107) [spring-web-4.3.8.RELEASE.jar:4.3.8.RELEASE]
	at org.apache.catalina.core.ApplicationFilterChain.internalDoFilter(ApplicationFilterChain.java:193) [tomcat-embed-core-8.5.14.jar:8.5.14]
	at org.apache.catalina.core.ApplicationFilterChain.doFilter(ApplicationFilterChain.java:166) [tomcat-embed-core-8.5.14.jar:8.5.14]
	at org.springframework.web.filter.HiddenHttpMethodFilter.doFilterInternal(HiddenHttpMethodFilter.java:81) [spring-web-4.3.8.RELEASE.jar:4.3.8.RELEASE]
	at org.springframework.web.filter.OncePerRequestFilter.doFilter(OncePerRequestFilter.java:107) [spring-web-4.3.8.RELEASE.jar:4.3.8.RELEASE]
	at org.apache.catalina.core.ApplicationFilterChain.internalDoFilter(ApplicationFilterChain.java:193) [tomcat-embed-core-8.5.14.jar:8.5.14]
	at org.apache.catalina.core.ApplicationFilterChain.doFilter(ApplicationFilterChain.java:166) [tomcat-embed-core-8.5.14.jar:8.5.14]
	at org.springframework.web.filter.CharacterEncodingFilter.doFilterInternal(CharacterEncodingFilter.java:197) [spring-web-4.3.8.RELEASE.jar:4.3.8.RELEASE]
	at org.springframework.web.filter.OncePerRequestFilter.doFilter(OncePerRequestFilter.java:107) [spring-web-4.3.8.RELEASE.jar:4.3.8.RELEASE]
	at org.apache.catalina.core.ApplicationFilterChain.internalDoFilter(ApplicationFilterChain.java:193) [tomcat-embed-core-8.5.14.jar:8.5.14]
	at org.apache.catalina.core.ApplicationFilterChain.doFilter(ApplicationFilterChain.java:166) [tomcat-embed-core-8.5.14.jar:8.5.14]
	at org.apache.catalina.core.StandardWrapperValve.invoke(StandardWrapperValve.java:198) [tomcat-embed-core-8.5.14.jar:8.5.14]
	at org.apache.catalina.core.StandardContextValve.invoke(StandardContextValve.java:96) [tomcat-embed-core-8.5.14.jar:8.5.14]
	at org.apache.catalina.authenticator.AuthenticatorBase.invoke(AuthenticatorBase.java:478) [tomcat-embed-core-8.5.14.jar:8.5.14]
	at org.apache.catalina.core.StandardHostValve.invoke(StandardHostValve.java:140) [tomcat-embed-core-8.5.14.jar:8.5.14]
	at org.apache.catalina.valves.ErrorReportValve.invoke(ErrorReportValve.java:80) [tomcat-embed-core-8.5.14.jar:8.5.14]
	at org.apache.catalina.core.StandardEngineValve.invoke(StandardEngineValve.java:87) [tomcat-embed-core-8.5.14.jar:8.5.14]
	at org.apache.catalina.connector.CoyoteAdapter.service(CoyoteAdapter.java:342) [tomcat-embed-core-8.5.14.jar:8.5.14]
	at org.apache.coyote.http11.Http11Processor.service(Http11Processor.java:799) [tomcat-embed-core-8.5.14.jar:8.5.14]
	at org.apache.coyote.AbstractProcessorLight.process(AbstractProcessorLight.java:66) [tomcat-embed-core-8.5.14.jar:8.5.14]
	at org.apache.coyote.AbstractProtocol$ConnectionHandler.process(AbstractProtocol.java:861) [tomcat-embed-core-8.5.14.jar:8.5.14]
	at org.apache.tomcat.util.net.NioEndpoint$SocketProcessor.doRun(NioEndpoint.java:1455) [tomcat-embed-core-8.5.14.jar:8.5.14]
	at org.apache.tomcat.util.net.SocketProcessorBase.run(SocketProcessorBase.java:49) [tomcat-embed-core-8.5.14.jar:8.5.14]
	at java.util.concurrent.ThreadPoolExecutor.runWorker(ThreadPoolExecutor.java:1142) [na:1.8.0_131]
	at java.util.concurrent.ThreadPoolExecutor$Worker.run(ThreadPoolExecutor.java:617) [na:1.8.0_131]
	at org.apache.tomcat.util.threads.TaskThread$WrappingRunnable.run(TaskThread.java:61) [tomcat-embed-core-8.5.14.jar:8.5.14]
	at java.lang.Thread.run(Thread.java:748) [na:1.8.0_131]

2018-09-21 15:04:38.891 ERROR 12824 --- [http-nio-9090-exec-2] w.r.common.aop.GlobalExceptionHandler    : 运行时异常:

java.lang.IndexOutOfBoundsException: Index: 0, Size: 0
	at java.util.ArrayList.rangeCheck(ArrayList.java:653) ~[na:1.8.0_131]
	at java.util.ArrayList.get(ArrayList.java:429) ~[na:1.8.0_131]
	at wy.rest.modular.auth.validator.impl.DbValidator.validatePassword(DbValidator.java:38) ~[classes/:na]
	at wy.rest.modular.auth.validator.impl.DbValidator.validate(DbValidator.java:30) ~[classes/:na]
	at wy.rest.modular.auth.controller.AuthController.createAuthenticationToken(AuthController.java:35) ~[classes/:na]
	at sun.reflect.NativeMethodAccessorImpl.invoke0(Native Method) ~[na:1.8.0_131]
	at sun.reflect.NativeMethodAccessorImpl.invoke(NativeMethodAccessorImpl.java:62) ~[na:1.8.0_131]
	at sun.reflect.DelegatingMethodAccessorImpl.invoke(DelegatingMethodAccessorImpl.java:43) ~[na:1.8.0_131]
	at java.lang.reflect.Method.invoke(Method.java:498) ~[na:1.8.0_131]
	at org.springframework.web.method.support.InvocableHandlerMethod.doInvoke(InvocableHandlerMethod.java:205) ~[spring-web-4.3.8.RELEASE.jar:4.3.8.RELEASE]
	at org.springframework.web.method.support.InvocableHandlerMethod.invokeForRequest(InvocableHandlerMethod.java:133) ~[spring-web-4.3.8.RELEASE.jar:4.3.8.RELEASE]
	at org.springframework.web.servlet.mvc.method.annotation.ServletInvocableHandlerMethod.invokeAndHandle(ServletInvocableHandlerMethod.java:97) ~[spring-webmvc-4.3.8.RELEASE.jar:4.3.8.RELEASE]
	at org.springframework.web.servlet.mvc.method.annotation.RequestMappingHandlerAdapter.invokeHandlerMethod(RequestMappingHandlerAdapter.java:827) ~[spring-webmvc-4.3.8.RELEASE.jar:4.3.8.RELEASE]
	at org.springframework.web.servlet.mvc.method.annotation.RequestMappingHandlerAdapter.handleInternal(RequestMappingHandlerAdapter.java:738) ~[spring-webmvc-4.3.8.RELEASE.jar:4.3.8.RELEASE]
	at org.springframework.web.servlet.mvc.method.AbstractHandlerMethodAdapter.handle(AbstractHandlerMethodAdapter.java:85) ~[spring-webmvc-4.3.8.RELEASE.jar:4.3.8.RELEASE]
	at org.springframework.web.servlet.DispatcherServlet.doDispatch(DispatcherServlet.java:963) ~[spring-webmvc-4.3.8.RELEASE.jar:4.3.8.RELEASE]
	at org.springframework.web.servlet.DispatcherServlet.doService(DispatcherServlet.java:897) ~[spring-webmvc-4.3.8.RELEASE.jar:4.3.8.RELEASE]
	at org.springframework.web.servlet.FrameworkServlet.processRequest(FrameworkServlet.java:970) [spring-webmvc-4.3.8.RELEASE.jar:4.3.8.RELEASE]
	at org.springframework.web.servlet.FrameworkServlet.doPost(FrameworkServlet.java:872) [spring-webmvc-4.3.8.RELEASE.jar:4.3.8.RELEASE]
	at javax.servlet.http.HttpServlet.service(HttpServlet.java:661) [tomcat-embed-core-8.5.14.jar:8.5.14]
	at org.springframework.web.servlet.FrameworkServlet.service(FrameworkServlet.java:846) [spring-webmvc-4.3.8.RELEASE.jar:4.3.8.RELEASE]
	at javax.servlet.http.HttpServlet.service(HttpServlet.java:742) [tomcat-embed-core-8.5.14.jar:8.5.14]
	at org.apache.catalina.core.ApplicationFilterChain.internalDoFilter(ApplicationFilterChain.java:231) [tomcat-embed-core-8.5.14.jar:8.5.14]
	at org.apache.catalina.core.ApplicationFilterChain.doFilter(ApplicationFilterChain.java:166) [tomcat-embed-core-8.5.14.jar:8.5.14]
	at org.apache.tomcat.websocket.server.WsFilter.doFilter(WsFilter.java:52) [tomcat-embed-websocket-8.5.14.jar:8.5.14]
	at org.apache.catalina.core.ApplicationFilterChain.internalDoFilter(ApplicationFilterChain.java:193) [tomcat-embed-core-8.5.14.jar:8.5.14]
	at org.apache.catalina.core.ApplicationFilterChain.doFilter(ApplicationFilterChain.java:166) [tomcat-embed-core-8.5.14.jar:8.5.14]
	at wy.rest.modular.auth.filter.AuthFilter.doFilterInternal(AuthFilter.java:39) [classes/:na]
	at org.springframework.web.filter.OncePerRequestFilter.doFilter(OncePerRequestFilter.java:107) [spring-web-4.3.8.RELEASE.jar:4.3.8.RELEASE]
	at org.apache.catalina.core.ApplicationFilterChain.internalDoFilter(ApplicationFilterChain.java:193) [tomcat-embed-core-8.5.14.jar:8.5.14]
	at org.apache.catalina.core.ApplicationFilterChain.doFilter(ApplicationFilterChain.java:166) [tomcat-embed-core-8.5.14.jar:8.5.14]
	at org.springframework.web.filter.RequestContextFilter.doFilterInternal(RequestContextFilter.java:99) [spring-web-4.3.8.RELEASE.jar:4.3.8.RELEASE]
	at org.springframework.web.filter.OncePerRequestFilter.doFilter(OncePerRequestFilter.java:107) [spring-web-4.3.8.RELEASE.jar:4.3.8.RELEASE]
	at org.apache.catalina.core.ApplicationFilterChain.internalDoFilter(ApplicationFilterChain.java:193) [tomcat-embed-core-8.5.14.jar:8.5.14]
	at org.apache.catalina.core.ApplicationFilterChain.doFilter(ApplicationFilterChain.java:166) [tomcat-embed-core-8.5.14.jar:8.5.14]
	at org.springframework.web.filter.HttpPutFormContentFilter.doFilterInternal(HttpPutFormContentFilter.java:105) [spring-web-4.3.8.RELEASE.jar:4.3.8.RELEASE]
	at org.springframework.web.filter.OncePerRequestFilter.doFilter(OncePerRequestFilter.java:107) [spring-web-4.3.8.RELEASE.jar:4.3.8.RELEASE]
	at org.apache.catalina.core.ApplicationFilterChain.internalDoFilter(ApplicationFilterChain.java:193) [tomcat-embed-core-8.5.14.jar:8.5.14]
	at org.apache.catalina.core.ApplicationFilterChain.doFilter(ApplicationFilterChain.java:166) [tomcat-embed-core-8.5.14.jar:8.5.14]
	at org.springframework.web.filter.HiddenHttpMethodFilter.doFilterInternal(HiddenHttpMethodFilter.java:81) [spring-web-4.3.8.RELEASE.jar:4.3.8.RELEASE]
	at org.springframework.web.filter.OncePerRequestFilter.doFilter(OncePerRequestFilter.java:107) [spring-web-4.3.8.RELEASE.jar:4.3.8.RELEASE]
	at org.apache.catalina.core.ApplicationFilterChain.internalDoFilter(ApplicationFilterChain.java:193) [tomcat-embed-core-8.5.14.jar:8.5.14]
	at org.apache.catalina.core.ApplicationFilterChain.doFilter(ApplicationFilterChain.java:166) [tomcat-embed-core-8.5.14.jar:8.5.14]
	at org.springframework.web.filter.CharacterEncodingFilter.doFilterInternal(CharacterEncodingFilter.java:197) [spring-web-4.3.8.RELEASE.jar:4.3.8.RELEASE]
	at org.springframework.web.filter.OncePerRequestFilter.doFilter(OncePerRequestFilter.java:107) [spring-web-4.3.8.RELEASE.jar:4.3.8.RELEASE]
	at org.apache.catalina.core.ApplicationFilterChain.internalDoFilter(ApplicationFilterChain.java:193) [tomcat-embed-core-8.5.14.jar:8.5.14]
	at org.apache.catalina.core.ApplicationFilterChain.doFilter(ApplicationFilterChain.java:166) [tomcat-embed-core-8.5.14.jar:8.5.14]
	at org.apache.catalina.core.StandardWrapperValve.invoke(StandardWrapperValve.java:198) [tomcat-embed-core-8.5.14.jar:8.5.14]
	at org.apache.catalina.core.StandardContextValve.invoke(StandardContextValve.java:96) [tomcat-embed-core-8.5.14.jar:8.5.14]
	at org.apache.catalina.authenticator.AuthenticatorBase.invoke(AuthenticatorBase.java:478) [tomcat-embed-core-8.5.14.jar:8.5.14]
	at org.apache.catalina.core.StandardHostValve.invoke(StandardHostValve.java:140) [tomcat-embed-core-8.5.14.jar:8.5.14]
	at org.apache.catalina.valves.ErrorReportValve.invoke(ErrorReportValve.java:80) [tomcat-embed-core-8.5.14.jar:8.5.14]
	at org.apache.catalina.core.StandardEngineValve.invoke(StandardEngineValve.java:87) [tomcat-embed-core-8.5.14.jar:8.5.14]
	at org.apache.catalina.connector.CoyoteAdapter.service(CoyoteAdapter.java:342) [tomcat-embed-core-8.5.14.jar:8.5.14]
	at org.apache.coyote.http11.Http11Processor.service(Http11Processor.java:799) [tomcat-embed-core-8.5.14.jar:8.5.14]
	at org.apache.coyote.AbstractProcessorLight.process(AbstractProcessorLight.java:66) [tomcat-embed-core-8.5.14.jar:8.5.14]
	at org.apache.coyote.AbstractProtocol$ConnectionHandler.process(AbstractProtocol.java:861) [tomcat-embed-core-8.5.14.jar:8.5.14]
	at org.apache.tomcat.util.net.NioEndpoint$SocketProcessor.doRun(NioEndpoint.java:1455) [tomcat-embed-core-8.5.14.jar:8.5.14]
	at org.apache.tomcat.util.net.SocketProcessorBase.run(SocketProcessorBase.java:49) [tomcat-embed-core-8.5.14.jar:8.5.14]
	at java.util.concurrent.ThreadPoolExecutor.runWorker(ThreadPoolExecutor.java:1142) [na:1.8.0_131]
	at java.util.concurrent.ThreadPoolExecutor$Worker.run(ThreadPoolExecutor.java:617) [na:1.8.0_131]
	at org.apache.tomcat.util.threads.TaskThread$WrappingRunnable.run(TaskThread.java:61) [tomcat-embed-core-8.5.14.jar:8.5.14]
	at java.lang.Thread.run(Thread.java:748) [na:1.8.0_131]

2018-09-21 15:04:42.567 ERROR 12824 --- [http-nio-9090-exec-3] w.r.common.aop.GlobalExceptionHandler    : 运行时异常:

java.lang.IndexOutOfBoundsException: Index: 0, Size: 0
	at java.util.ArrayList.rangeCheck(ArrayList.java:653) ~[na:1.8.0_131]
	at java.util.ArrayList.get(ArrayList.java:429) ~[na:1.8.0_131]
	at wy.rest.modular.auth.validator.impl.DbValidator.validatePassword(DbValidator.java:38) ~[classes/:na]
	at wy.rest.modular.auth.validator.impl.DbValidator.validate(DbValidator.java:30) ~[classes/:na]
	at wy.rest.modular.auth.controller.AuthController.createAuthenticationToken(AuthController.java:35) ~[classes/:na]
	at sun.reflect.NativeMethodAccessorImpl.invoke0(Native Method) ~[na:1.8.0_131]
	at sun.reflect.NativeMethodAccessorImpl.invoke(NativeMethodAccessorImpl.java:62) ~[na:1.8.0_131]
	at sun.reflect.DelegatingMethodAccessorImpl.invoke(DelegatingMethodAccessorImpl.java:43) ~[na:1.8.0_131]
	at java.lang.reflect.Method.invoke(Method.java:498) ~[na:1.8.0_131]
	at org.springframework.web.method.support.InvocableHandlerMethod.doInvoke(InvocableHandlerMethod.java:205) ~[spring-web-4.3.8.RELEASE.jar:4.3.8.RELEASE]
	at org.springframework.web.method.support.InvocableHandlerMethod.invokeForRequest(InvocableHandlerMethod.java:133) ~[spring-web-4.3.8.RELEASE.jar:4.3.8.RELEASE]
	at org.springframework.web.servlet.mvc.method.annotation.ServletInvocableHandlerMethod.invokeAndHandle(ServletInvocableHandlerMethod.java:97) ~[spring-webmvc-4.3.8.RELEASE.jar:4.3.8.RELEASE]
	at org.springframework.web.servlet.mvc.method.annotation.RequestMappingHandlerAdapter.invokeHandlerMethod(RequestMappingHandlerAdapter.java:827) ~[spring-webmvc-4.3.8.RELEASE.jar:4.3.8.RELEASE]
	at org.springframework.web.servlet.mvc.method.annotation.RequestMappingHandlerAdapter.handleInternal(RequestMappingHandlerAdapter.java:738) ~[spring-webmvc-4.3.8.RELEASE.jar:4.3.8.RELEASE]
	at org.springframework.web.servlet.mvc.method.AbstractHandlerMethodAdapter.handle(AbstractHandlerMethodAdapter.java:85) ~[spring-webmvc-4.3.8.RELEASE.jar:4.3.8.RELEASE]
	at org.springframework.web.servlet.DispatcherServlet.doDispatch(DispatcherServlet.java:963) ~[spring-webmvc-4.3.8.RELEASE.jar:4.3.8.RELEASE]
	at org.springframework.web.servlet.DispatcherServlet.doService(DispatcherServlet.java:897) ~[spring-webmvc-4.3.8.RELEASE.jar:4.3.8.RELEASE]
	at org.springframework.web.servlet.FrameworkServlet.processRequest(FrameworkServlet.java:970) [spring-webmvc-4.3.8.RELEASE.jar:4.3.8.RELEASE]
	at org.springframework.web.servlet.FrameworkServlet.doPost(FrameworkServlet.java:872) [spring-webmvc-4.3.8.RELEASE.jar:4.3.8.RELEASE]
	at javax.servlet.http.HttpServlet.service(HttpServlet.java:661) [tomcat-embed-core-8.5.14.jar:8.5.14]
	at org.springframework.web.servlet.FrameworkServlet.service(FrameworkServlet.java:846) [spring-webmvc-4.3.8.RELEASE.jar:4.3.8.RELEASE]
	at javax.servlet.http.HttpServlet.service(HttpServlet.java:742) [tomcat-embed-core-8.5.14.jar:8.5.14]
	at org.apache.catalina.core.ApplicationFilterChain.internalDoFilter(ApplicationFilterChain.java:231) [tomcat-embed-core-8.5.14.jar:8.5.14]
	at org.apache.catalina.core.ApplicationFilterChain.doFilter(ApplicationFilterChain.java:166) [tomcat-embed-core-8.5.14.jar:8.5.14]
	at org.apache.tomcat.websocket.server.WsFilter.doFilter(WsFilter.java:52) [tomcat-embed-websocket-8.5.14.jar:8.5.14]
	at org.apache.catalina.core.ApplicationFilterChain.internalDoFilter(ApplicationFilterChain.java:193) [tomcat-embed-core-8.5.14.jar:8.5.14]
	at org.apache.catalina.core.ApplicationFilterChain.doFilter(ApplicationFilterChain.java:166) [tomcat-embed-core-8.5.14.jar:8.5.14]
	at wy.rest.modular.auth.filter.AuthFilter.doFilterInternal(AuthFilter.java:39) [classes/:na]
	at org.springframework.web.filter.OncePerRequestFilter.doFilter(OncePerRequestFilter.java:107) [spring-web-4.3.8.RELEASE.jar:4.3.8.RELEASE]
	at org.apache.catalina.core.ApplicationFilterChain.internalDoFilter(ApplicationFilterChain.java:193) [tomcat-embed-core-8.5.14.jar:8.5.14]
	at org.apache.catalina.core.ApplicationFilterChain.doFilter(ApplicationFilterChain.java:166) [tomcat-embed-core-8.5.14.jar:8.5.14]
	at org.springframework.web.filter.RequestContextFilter.doFilterInternal(RequestContextFilter.java:99) [spring-web-4.3.8.RELEASE.jar:4.3.8.RELEASE]
	at org.springframework.web.filter.OncePerRequestFilter.doFilter(OncePerRequestFilter.java:107) [spring-web-4.3.8.RELEASE.jar:4.3.8.RELEASE]
	at org.apache.catalina.core.ApplicationFilterChain.internalDoFilter(ApplicationFilterChain.java:193) [tomcat-embed-core-8.5.14.jar:8.5.14]
	at org.apache.catalina.core.ApplicationFilterChain.doFilter(ApplicationFilterChain.java:166) [tomcat-embed-core-8.5.14.jar:8.5.14]
	at org.springframework.web.filter.HttpPutFormContentFilter.doFilterInternal(HttpPutFormContentFilter.java:105) [spring-web-4.3.8.RELEASE.jar:4.3.8.RELEASE]
	at org.springframework.web.filter.OncePerRequestFilter.doFilter(OncePerRequestFilter.java:107) [spring-web-4.3.8.RELEASE.jar:4.3.8.RELEASE]
	at org.apache.catalina.core.ApplicationFilterChain.internalDoFilter(ApplicationFilterChain.java:193) [tomcat-embed-core-8.5.14.jar:8.5.14]
	at org.apache.catalina.core.ApplicationFilterChain.doFilter(ApplicationFilterChain.java:166) [tomcat-embed-core-8.5.14.jar:8.5.14]
	at org.springframework.web.filter.HiddenHttpMethodFilter.doFilterInternal(HiddenHttpMethodFilter.java:81) [spring-web-4.3.8.RELEASE.jar:4.3.8.RELEASE]
	at org.springframework.web.filter.OncePerRequestFilter.doFilter(OncePerRequestFilter.java:107) [spring-web-4.3.8.RELEASE.jar:4.3.8.RELEASE]
	at org.apache.catalina.core.ApplicationFilterChain.internalDoFilter(ApplicationFilterChain.java:193) [tomcat-embed-core-8.5.14.jar:8.5.14]
	at org.apache.catalina.core.ApplicationFilterChain.doFilter(ApplicationFilterChain.java:166) [tomcat-embed-core-8.5.14.jar:8.5.14]
	at org.springframework.web.filter.CharacterEncodingFilter.doFilterInternal(CharacterEncodingFilter.java:197) [spring-web-4.3.8.RELEASE.jar:4.3.8.RELEASE]
	at org.springframework.web.filter.OncePerRequestFilter.doFilter(OncePerRequestFilter.java:107) [spring-web-4.3.8.RELEASE.jar:4.3.8.RELEASE]
	at org.apache.catalina.core.ApplicationFilterChain.internalDoFilter(ApplicationFilterChain.java:193) [tomcat-embed-core-8.5.14.jar:8.5.14]
	at org.apache.catalina.core.ApplicationFilterChain.doFilter(ApplicationFilterChain.java:166) [tomcat-embed-core-8.5.14.jar:8.5.14]
	at org.apache.catalina.core.StandardWrapperValve.invoke(StandardWrapperValve.java:198) [tomcat-embed-core-8.5.14.jar:8.5.14]
	at org.apache.catalina.core.StandardContextValve.invoke(StandardContextValve.java:96) [tomcat-embed-core-8.5.14.jar:8.5.14]
	at org.apache.catalina.authenticator.AuthenticatorBase.invoke(AuthenticatorBase.java:478) [tomcat-embed-core-8.5.14.jar:8.5.14]
	at org.apache.catalina.core.StandardHostValve.invoke(StandardHostValve.java:140) [tomcat-embed-core-8.5.14.jar:8.5.14]
	at org.apache.catalina.valves.ErrorReportValve.invoke(ErrorReportValve.java:80) [tomcat-embed-core-8.5.14.jar:8.5.14]
	at org.apache.catalina.core.StandardEngineValve.invoke(StandardEngineValve.java:87) [tomcat-embed-core-8.5.14.jar:8.5.14]
	at org.apache.catalina.connector.CoyoteAdapter.service(CoyoteAdapter.java:342) [tomcat-embed-core-8.5.14.jar:8.5.14]
	at org.apache.coyote.http11.Http11Processor.service(Http11Processor.java:799) [tomcat-embed-core-8.5.14.jar:8.5.14]
	at org.apache.coyote.AbstractProcessorLight.process(AbstractProcessorLight.java:66) [tomcat-embed-core-8.5.14.jar:8.5.14]
	at org.apache.coyote.AbstractProtocol$ConnectionHandler.process(AbstractProtocol.java:861) [tomcat-embed-core-8.5.14.jar:8.5.14]
	at org.apache.tomcat.util.net.NioEndpoint$SocketProcessor.doRun(NioEndpoint.java:1455) [tomcat-embed-core-8.5.14.jar:8.5.14]
	at org.apache.tomcat.util.net.SocketProcessorBase.run(SocketProcessorBase.java:49) [tomcat-embed-core-8.5.14.jar:8.5.14]
	at java.util.concurrent.ThreadPoolExecutor.runWorker(ThreadPoolExecutor.java:1142) [na:1.8.0_131]
	at java.util.concurrent.ThreadPoolExecutor$Worker.run(ThreadPoolExecutor.java:617) [na:1.8.0_131]
	at org.apache.tomcat.util.threads.TaskThread$WrappingRunnable.run(TaskThread.java:61) [tomcat-embed-core-8.5.14.jar:8.5.14]
	at java.lang.Thread.run(Thread.java:748) [na:1.8.0_131]

